03-Nov-2021 00:45:59.742 INFO [main] org.apache.catalina.startup.VersionLoggerListener.log Server version name:   Apache Tomcat/9.0.54
03-Nov-2021 00:45:59.744 INFO [main] org.apache.catalina.startup.VersionLoggerListener.log Server built:          Sep 28 2021 13:51:49 UTC
03-Nov-2021 00:45:59.744 INFO [main] org.apache.catalina.startup.VersionLoggerListener.log Server version number: 9.0.54.0
03-Nov-2021 00:45:59.744 INFO [main] org.apache.catalina.startup.VersionLoggerListener.log OS Name:               Linux
03-Nov-2021 00:45:59.744 INFO [main] org.apache.catalina.startup.VersionLoggerListener.log OS Version:            5.4.0-89-generic
03-Nov-2021 00:45:59.744 INFO [main] org.apache.catalina.startup.VersionLoggerListener.log Architecture:          amd64
03-Nov-2021 00:45:59.744 INFO [main] org.apache.catalina.startup.VersionLoggerListener.log Java Home:             /opt/java/jdk1.8.0_311/jre
03-Nov-2021 00:45:59.744 INFO [main] org.apache.catalina.startup.VersionLoggerListener.log JVM Version:           1.8.0_311-b11
03-Nov-2021 00:45:59.744 INFO [main] org.apache.catalina.startup.VersionLoggerListener.log JVM Vendor:            Oracle Corporation
03-Nov-2021 00:45:59.744 INFO [main] org.apache.catalina.startup.VersionLoggerListener.log CATALINA_BASE:         /home/shoaib/Aamir/My Project/spring/TomcatServer/apache-tomcat-9.0.54
03-Nov-2021 00:45:59.744 INFO [main] org.apache.catalina.startup.VersionLoggerListener.log CATALINA_HOME:         /home/shoaib/Aamir/My Project/spring/TomcatServer/apache-tomcat-9.0.54
03-Nov-2021 00:45:59.748 INFO [main] org.apache.catalina.startup.VersionLoggerListener.log Command line argument: -Djava.util.logging.config.file=/home/shoaib/Aamir/My Project/spring/TomcatServer/apache-tomcat-9.0.54/conf/logging.properties
03-Nov-2021 00:45:59.748 INFO [main] org.apache.catalina.startup.VersionLoggerListener.log Command line argument: -Djava.util.logging.manager=org.apache.juli.ClassLoaderLogManager
03-Nov-2021 00:45:59.748 INFO [main] org.apache.catalina.startup.VersionLoggerListener.log Command line argument: -Djdk.tls.ephemeralDHKeySize=2048
03-Nov-2021 00:45:59.748 INFO [main] org.apache.catalina.startup.VersionLoggerListener.log Command line argument: -Djava.protocol.handler.pkgs=org.apache.catalina.webresources
03-Nov-2021 00:45:59.748 INFO [main] org.apache.catalina.startup.VersionLoggerListener.log Command line argument: -Dorg.apache.catalina.security.SecurityListener.UMASK=0027
03-Nov-2021 00:45:59.748 INFO [main] org.apache.catalina.startup.VersionLoggerListener.log Command line argument: -agentlib:jdwp=transport=dt_socket,address=localhost:8000,server=y,suspend=n
03-Nov-2021 00:45:59.748 INFO [main] org.apache.catalina.startup.VersionLoggerListener.log Command line argument: -Dignore.endorsed.dirs=
03-Nov-2021 00:45:59.748 INFO [main] org.apache.catalina.startup.VersionLoggerListener.log Command line argument: -Dcatalina.base=/home/shoaib/Aamir/My Project/spring/TomcatServer/apache-tomcat-9.0.54
03-Nov-2021 00:45:59.749 INFO [main] org.apache.catalina.startup.VersionLoggerListener.log Command line argument: -Dcatalina.home=/home/shoaib/Aamir/My Project/spring/TomcatServer/apache-tomcat-9.0.54
03-Nov-2021 00:45:59.749 INFO [main] org.apache.catalina.startup.VersionLoggerListener.log Command line argument: -Djava.io.tmpdir=/home/shoaib/Aamir/My Project/spring/TomcatServer/apache-tomcat-9.0.54/temp
03-Nov-2021 00:45:59.750 INFO [main] org.apache.catalina.core.AprLifecycleListener.lifecycleEvent The Apache Tomcat Native library which allows using OpenSSL was not found on the java.library.path: [/usr/java/packages/lib/amd64:/usr/lib64:/lib64:/lib:/usr/lib]
03-Nov-2021 00:46:00.051 INFO [main] org.apache.coyote.AbstractProtocol.init Initializing ProtocolHandler ["http-nio-8080"]
03-Nov-2021 00:46:00.073 INFO [main] org.apache.catalina.startup.Catalina.load Server initialization in [465] milliseconds
03-Nov-2021 00:46:00.099 INFO [main] org.apache.catalina.core.StandardService.startInternal Starting service [Catalina]
03-Nov-2021 00:46:00.100 INFO [main] org.apache.catalina.core.StandardEngine.startInternal Starting Servlet engine: [Apache Tomcat/9.0.54]
03-Nov-2021 00:46:00.113 INFO [main] org.apache.catalina.startup.HostConfig.deployWAR Deploying web application archive [/home/shoaib/Aamir/My Project/spring/TomcatServer/apache-tomcat-9.0.54/webapps/MVC.war]
03-Nov-2021 00:46:00.337 INFO [main] org.apache.catalina.startup.HostConfig.deployWAR Deployment of web application archive [/home/shoaib/Aamir/My Project/spring/TomcatServer/apache-tomcat-9.0.54/webapps/MVC.war] has finished in [224] ms
03-Nov-2021 00:46:00.338 INFO [main] org.apache.catalina.startup.HostConfig.deployDirectory Deploying web application directory [/home/shoaib/Aamir/My Project/spring/TomcatServer/apache-tomcat-9.0.54/webapps/host-manager]
03-Nov-2021 00:46:00.377 INFO [main] org.apache.catalina.startup.HostConfig.deployDirectory Deployment of web application directory [/home/shoaib/Aamir/My Project/spring/TomcatServer/apache-tomcat-9.0.54/webapps/host-manager] has finished in [39] ms
03-Nov-2021 00:46:00.377 INFO [main] org.apache.catalina.startup.HostConfig.deployDirectory Deploying web application directory [/home/shoaib/Aamir/My Project/spring/TomcatServer/apache-tomcat-9.0.54/webapps/docs]
03-Nov-2021 00:46:00.393 INFO [main] org.apache.catalina.startup.HostConfig.deployDirectory Deployment of web application directory [/home/shoaib/Aamir/My Project/spring/TomcatServer/apache-tomcat-9.0.54/webapps/docs] has finished in [16] ms
03-Nov-2021 00:46:00.394 INFO [main] org.apache.catalina.startup.HostConfig.deployDirectory Deploying web application directory [/home/shoaib/Aamir/My Project/spring/TomcatServer/apache-tomcat-9.0.54/webapps/examples]
03-Nov-2021 00:46:00.623 INFO [main] org.apache.catalina.startup.HostConfig.deployDirectory Deployment of web application directory [/home/shoaib/Aamir/My Project/spring/TomcatServer/apache-tomcat-9.0.54/webapps/examples] has finished in [229] ms
03-Nov-2021 00:46:00.623 INFO [main] org.apache.catalina.startup.HostConfig.deployDirectory Deploying web application directory [/home/shoaib/Aamir/My Project/spring/TomcatServer/apache-tomcat-9.0.54/webapps/manager]
03-Nov-2021 00:46:00.642 INFO [main] org.apache.catalina.startup.HostConfig.deployDirectory Deployment of web application directory [/home/shoaib/Aamir/My Project/spring/TomcatServer/apache-tomcat-9.0.54/webapps/manager] has finished in [19] ms
03-Nov-2021 00:46:00.642 INFO [main] org.apache.catalina.startup.HostConfig.deployDirectory Deploying web application directory [/home/shoaib/Aamir/My Project/spring/TomcatServer/apache-tomcat-9.0.54/webapps/ROOT]
03-Nov-2021 00:46:00.658 INFO [main] org.apache.catalina.startup.HostConfig.deployDirectory Deployment of web application directory [/home/shoaib/Aamir/My Project/spring/TomcatServer/apache-tomcat-9.0.54/webapps/ROOT] has finished in [16] ms
03-Nov-2021 00:46:00.662 INFO [main] org.apache.coyote.AbstractProtocol.start Starting ProtocolHandler ["http-nio-8080"]
03-Nov-2021 00:46:00.676 INFO [main] org.apache.catalina.startup.Catalina.start Server startup in [602] milliseconds
03-Nov-2021 00:50:34.990 INFO [main] org.apache.catalina.startup.VersionLoggerListener.log Server version name:   Apache Tomcat/9.0.54
03-Nov-2021 00:50:34.991 INFO [main] org.apache.catalina.startup.VersionLoggerListener.log Server built:          Sep 28 2021 13:51:49 UTC
03-Nov-2021 00:50:34.991 INFO [main] org.apache.catalina.startup.VersionLoggerListener.log Server version number: 9.0.54.0
03-Nov-2021 00:50:34.991 INFO [main] org.apache.catalina.startup.VersionLoggerListener.log OS Name:               Linux
03-Nov-2021 00:50:34.991 INFO [main] org.apache.catalina.startup.VersionLoggerListener.log OS Version:            5.4.0-89-generic
03-Nov-2021 00:50:34.991 INFO [main] org.apache.catalina.startup.VersionLoggerListener.log Architecture:          amd64
03-Nov-2021 00:50:34.991 INFO [main] org.apache.catalina.startup.VersionLoggerListener.log Java Home:             /opt/java/jdk1.8.0_311/jre
03-Nov-2021 00:50:34.991 INFO [main] org.apache.catalina.startup.VersionLoggerListener.log JVM Version:           1.8.0_311-b11
03-Nov-2021 00:50:34.991 INFO [main] org.apache.catalina.startup.VersionLoggerListener.log JVM Vendor:            Oracle Corporation
03-Nov-2021 00:50:34.991 INFO [main] org.apache.catalina.startup.VersionLoggerListener.log CATALINA_BASE:         /home/shoaib/Aamir/My Project/spring/TomcatServer/apache-tomcat-9.0.54
03-Nov-2021 00:50:34.991 INFO [main] org.apache.catalina.startup.VersionLoggerListener.log CATALINA_HOME:         /home/shoaib/Aamir/My Project/spring/TomcatServer/apache-tomcat-9.0.54
03-Nov-2021 00:50:34.992 INFO [main] org.apache.catalina.startup.VersionLoggerListener.log Command line argument: -Djava.util.logging.config.file=/home/shoaib/Aamir/My Project/spring/TomcatServer/apache-tomcat-9.0.54/conf/logging.properties
03-Nov-2021 00:50:34.992 INFO [main] org.apache.catalina.startup.VersionLoggerListener.log Command line argument: -Djava.util.logging.manager=org.apache.juli.ClassLoaderLogManager
03-Nov-2021 00:50:34.992 INFO [main] org.apache.catalina.startup.VersionLoggerListener.log Command line argument: -Djdk.tls.ephemeralDHKeySize=2048
03-Nov-2021 00:50:34.992 INFO [main] org.apache.catalina.startup.VersionLoggerListener.log Command line argument: -Djava.protocol.handler.pkgs=org.apache.catalina.webresources
03-Nov-2021 00:50:34.992 INFO [main] org.apache.catalina.startup.VersionLoggerListener.log Command line argument: -Dorg.apache.catalina.security.SecurityListener.UMASK=0027
03-Nov-2021 00:50:34.992 INFO [main] org.apache.catalina.startup.VersionLoggerListener.log Command line argument: -agentlib:jdwp=transport=dt_socket,address=localhost:8000,server=y,suspend=n
03-Nov-2021 00:50:34.993 INFO [main] org.apache.catalina.startup.VersionLoggerListener.log Command line argument: -Dignore.endorsed.dirs=
03-Nov-2021 00:50:34.993 INFO [main] org.apache.catalina.startup.VersionLoggerListener.log Command line argument: -Dcatalina.base=/home/shoaib/Aamir/My Project/spring/TomcatServer/apache-tomcat-9.0.54
03-Nov-2021 00:50:34.993 INFO [main] org.apache.catalina.startup.VersionLoggerListener.log Command line argument: -Dcatalina.home=/home/shoaib/Aamir/My Project/spring/TomcatServer/apache-tomcat-9.0.54
03-Nov-2021 00:50:34.993 INFO [main] org.apache.catalina.startup.VersionLoggerListener.log Command line argument: -Djava.io.tmpdir=/home/shoaib/Aamir/My Project/spring/TomcatServer/apache-tomcat-9.0.54/temp
03-Nov-2021 00:50:34.994 INFO [main] org.apache.catalina.core.AprLifecycleListener.lifecycleEvent The Apache Tomcat Native library which allows using OpenSSL was not found on the java.library.path: [/usr/java/packages/lib/amd64:/usr/lib64:/lib64:/lib:/usr/lib]
03-Nov-2021 00:50:35.254 INFO [main] org.apache.coyote.AbstractProtocol.init Initializing ProtocolHandler ["http-nio-8080"]
03-Nov-2021 00:50:35.270 INFO [main] org.apache.catalina.startup.Catalina.load Server initialization in [389] milliseconds
03-Nov-2021 00:50:35.303 INFO [main] org.apache.catalina.core.StandardService.startInternal Starting service [Catalina]
03-Nov-2021 00:50:35.303 INFO [main] org.apache.catalina.core.StandardEngine.startInternal Starting Servlet engine: [Apache Tomcat/9.0.54]
03-Nov-2021 00:50:35.318 INFO [main] org.apache.catalina.startup.HostConfig.deployWAR Deploying web application archive [/home/shoaib/Aamir/My Project/spring/TomcatServer/apache-tomcat-9.0.54/webapps/MVC.war]
03-Nov-2021 00:50:35.461 INFO [main] org.apache.catalina.startup.HostConfig.deployWAR Deployment of web application archive [/home/shoaib/Aamir/My Project/spring/TomcatServer/apache-tomcat-9.0.54/webapps/MVC.war] has finished in [143] ms
03-Nov-2021 00:50:35.462 INFO [main] org.apache.catalina.startup.HostConfig.deployDirectory Deploying web application directory [/home/shoaib/Aamir/My Project/spring/TomcatServer/apache-tomcat-9.0.54/webapps/host-manager]
03-Nov-2021 00:50:35.480 INFO [main] org.apache.catalina.startup.HostConfig.deployDirectory Deployment of web application directory [/home/shoaib/Aamir/My Project/spring/TomcatServer/apache-tomcat-9.0.54/webapps/host-manager] has finished in [18] ms
03-Nov-2021 00:50:35.481 INFO [main] org.apache.catalina.startup.HostConfig.deployDirectory Deploying web application directory [/home/shoaib/Aamir/My Project/spring/TomcatServer/apache-tomcat-9.0.54/webapps/docs]
03-Nov-2021 00:50:35.490 INFO [main] org.apache.catalina.startup.HostConfig.deployDirectory Deployment of web application directory [/home/shoaib/Aamir/My Project/spring/TomcatServer/apache-tomcat-9.0.54/webapps/docs] has finished in [10] ms
03-Nov-2021 00:50:35.490 INFO [main] org.apache.catalina.startup.HostConfig.deployDirectory Deploying web application directory [/home/shoaib/Aamir/My Project/spring/TomcatServer/apache-tomcat-9.0.54/webapps/examples]
03-Nov-2021 00:50:35.625 INFO [main] org.apache.catalina.startup.HostConfig.deployDirectory Deployment of web application directory [/home/shoaib/Aamir/My Project/spring/TomcatServer/apache-tomcat-9.0.54/webapps/examples] has finished in [134] ms
03-Nov-2021 00:50:35.625 INFO [main] org.apache.catalina.startup.HostConfig.deployDirectory Deploying web application directory [/home/shoaib/Aamir/My Project/spring/TomcatServer/apache-tomcat-9.0.54/webapps/manager]
03-Nov-2021 00:50:35.637 INFO [main] org.apache.catalina.startup.HostConfig.deployDirectory Deployment of web application directory [/home/shoaib/Aamir/My Project/spring/TomcatServer/apache-tomcat-9.0.54/webapps/manager] has finished in [12] ms
03-Nov-2021 00:50:35.637 INFO [main] org.apache.catalina.startup.HostConfig.deployDirectory Deploying web application directory [/home/shoaib/Aamir/My Project/spring/TomcatServer/apache-tomcat-9.0.54/webapps/ROOT]
03-Nov-2021 00:50:35.646 INFO [main] org.apache.catalina.startup.HostConfig.deployDirectory Deployment of web application directory [/home/shoaib/Aamir/My Project/spring/TomcatServer/apache-tomcat-9.0.54/webapps/ROOT] has finished in [9] ms
03-Nov-2021 00:50:35.649 INFO [main] org.apache.coyote.AbstractProtocol.start Starting ProtocolHandler ["http-nio-8080"]
03-Nov-2021 00:50:35.656 INFO [main] org.apache.catalina.startup.Catalina.start Server startup in [385] milliseconds
